3月 04, 2023 6:31:18 午前 com.turedurenaru.Main main
情報: yuichi Program started...
3月 04, 2023 6:32:47 午前 com.turedurenaru.Main main
情報: yuichi Program started...
3月 04, 2023 8:54:19 午前 com.turedurenaru.Main main
情報: yuichi Program started...
3月 04, 2023 9:19:41 午前 com.turedurenaru.Main main
情報: yuichi Program started...
3月 04, 2023 11:22:25 午前 com.turedurenaru.Main main
情報: yuichi Program started...
3月 04, 2023 12:34:56 午後 com.turedurenaru.Main main
情報: yuichi Program started...
3月 04, 2023 12:35:32 午後 com.turedurenaru.Main$1 run
情報: yuichi closed...
3月 04, 2023 12:40:26 午後 com.turedurenaru.Main main
情報: yuichi Program started...
3月 04, 2023 12:40:45 午後 com.turedurenaru.Main$1 run
情報: yuichi closed...
3月 04, 2023 2:23:17 午後 com.turedurenaru.Main main
情報: yuichi Program started...
3月 04, 2023 2:35:37 午後 com.turedurenaru.Main main
情報: yuichi Program started...
3月 04, 2023 3:20:49 午後 com.turedurenaru.Main main
情報: yuichi Program started...
3月 04, 2023 3:33:37 午後 com.turedurenaru.Main main
情報: yuichi Program started...
3月 04, 2023 3:34:19 午後 com.turedurenaru.Main main
情報: yuichi Program started...
3月 04, 2023 3:35:06 午後 com.turedurenaru.Main main
情報: yuichi Program started...
3月 04, 2023 3:37:53 午後 com.turedurenaru.Main main
情報: yuichi Program started...
3月 04, 2023 3:38:23 午後 com.turedurenaru.Main main
情報: yuichi Program started...
3月 04, 2023 3:38:45 午後 com.turedurenaru.Main main
情報: yuichi Program started...
3月 04, 2023 3:45:57 午後 com.turedurenaru.Main main
情報: yuichi Program started...
3月 04, 2023 3:46:52 午後 com.turedurenaru.Main main
情報: yuichi Program started...
3月 04, 2023 3:48:01 午後 com.turedurenaru.Main main
情報: yuichi Program started...
3月 04, 2023 3:48:40 午後 com.turedurenaru.Main main
情報: yuichi Program started...
3月 04, 2023 3:54:44 午後 com.turedurenaru.Main main
情報: yuichi Program started...
3月 04, 2023 3:56:50 午後 com.turedurenaru.Main main
情報: yuichi Program started...
3月 04, 2023 3:57:32 午後 com.turedurenaru.Main main
情報: yuichi Program started...
3月 04, 2023 3:59:59 午後 com.turedurenaru.Main main
情報: yuichi Program started...
3月 04, 2023 4:01:33 午後 com.turedurenaru.Main main
情報: yuichi Program started...
3月 04, 2023 4:02:18 午後 com.turedurenaru.Main main
情報: yuichi Program started...
3月 04, 2023 4:02:48 午後 com.turedurenaru.Main main
情報: yuichi Program started...
